<?xml version="1.0" encoding="UTF-8"?>
<robot generator="Robot 5.0.1 (Python 3.9.13 on win32)" generated="20230917 02:24:04.670" rpa="true" schemaversion="3">
<suite id="s1" name="Tasks" source="D:\arief\training\robocorp\sources\robocorp\example-scrape-shopify\tasks.robot">
<test id="s1-t1" name="Scrape and save" line="19">
<kw name="Authorize Crul" type="SETUP">
<kw name="Get Secret" library="RPA.Robocorp.Vault">
<var>${secrets}</var>
<arg>Crul</arg>
<doc>Read a secret from the configured source, e.g. Robocorp Vault,
and return it as a ``Secret`` object.</doc>
<msg timestamp="20230917 02:24:06.768" level="INFO">Protecting keyword: RPA.Robocorp.Vault.Get Secret</msg>
<msg timestamp="20230917 02:24:06.771" level="INFO">Log level changed from NONE to INFO.</msg>
<status status="FAIL" starttime="20230917 02:24:06.767" endtime="20230917 02:24:06.770"/>
</kw>
<kw name="Authenticate" library="CrulWrapper">
<arg>${secrets}[apikey]</arg>
<status status="NOT RUN" starttime="20230917 02:24:06.772" endtime="20230917 02:24:06.773"/>
</kw>
<status status="FAIL" starttime="20230917 02:24:06.766" endtime="20230917 02:24:06.774"/>
</kw>
<status status="FAIL" starttime="20230917 02:24:06.765" endtime="20230917 02:24:06.775">Setup failed:
KeyError: 'Missing required environment variable: RC_API_SECRET_HOST'</status>
</test>
<doc>Use Crul queries to get product name and price data from a Shopify store</doc>
<status status="FAIL" starttime="20230917 02:24:04.673" endtime="20230917 02:24:06.778"/>
</suite>
<statistics>
<total>
<stat pass="0" fail="1" skip="0">All Tasks</stat>
</total>
<tag>
</tag>
<suite>
<stat pass="0" fail="1" skip="0" id="s1" name="Tasks">Tasks</stat>
</suite>
</statistics>
<errors>
</errors>
</robot>
